<?xml version="1.0" encoding="UTF-8"?>
<testsuite xmlns:xsi="http://www.w3.org/2001/XMLSchema-instance" xsi:noNamespaceSchemaLocation="https://maven.apache.org/surefire/maven-surefire-plugin/xsd/surefire-test-report-3.0.xsd" version="3.0" name="flightapp.PasswordUtilsTest" time="1.196" tests="8" errors="0" skipped="0" failures="0">
  <properties>
[...]
</properties>
  <testcase name="testDetectsDifferingPasswords" classname="flightapp.PasswordUtilsTest" time="0.157"/>
  <testcase name="testSaltLengthsAreConsistent" classname="flightapp.PasswordUtilsTest" time="0"/>
  <testcase name="testCanMatchPlaintextToHash" classname="flightapp.PasswordUtilsTest" time="0.169"/>
  <testcase name="testSuccessiveSaltsDiffer" classname="flightapp.PasswordUtilsTest" time="0"/>
  <testcase name="testPasswordsAreSalted" classname="flightapp.PasswordUtilsTest" time="0.199"/>
  <testcase name="testPasswordsAreUnique" classname="flightapp.PasswordUtilsTest" time="0.166"/>
  <testcase name="testDifferentInputsProduceDifferentOutputs" classname="flightapp.PasswordUtilsTest" time="0.334"/>
  <testcase name="testSameInputsProduceConsistentOutputs" classname="flightapp.PasswordUtilsTest" time="0.169"/>
</testsuite>