<?xml version="1.0" encoding="UTF-8"?>
<testsuite xmlns:xsi="http://www.w3.org/2001/XMLSchema-instance" xsi:noNamespaceSchemaLocation="https://maven.apache.org/surefire/maven-surefire-plugin/xsd/surefire-test-report-3.0.xsd" version="3.0" name="flightapp.FlightServiceTest" time="264.567" tests="15" errors="0" skipped="0" failures="0">
  <properties>
[...]
</properties>
  <testcase name="runTest[0]" classname="flightapp.FlightServiceTest" time="31.278">
    <system-out><![CDATA[Running test setup...
... using dbconn.properties for test credentials
... resetting database (ie, dropping all tables with suffix: baot1410)
... running createTables.sql

Starting tests
Running test file: /Users/baotruong/Documents/CSE344/HW6/project/project/cases/transaction/reservations/reservations_2UsersDiffOrderReservation.test.txt
]]></system-out>
  </testcase>
  <testcase name="runTest[1]" classname="flightapp.FlightServiceTest" time="41.346">
    <system-out><![CDATA[Running test file: /Users/baotruong/Documents/CSE344/HW6/project/project/cases/transaction/pay/pay_1UserPayTwice.test.txt
]]></system-out>
  </testcase>
  <testcase name="runTest[2]" classname="flightapp.FlightServiceTest" time="19.272">
    <system-out><![CDATA[Running test file: /Users/baotruong/Documents/CSE344/HW6/project/project/cases/transaction/pay/pay_wrongUser.test.txt
]]></system-out>
  </testcase>
  <testcase name="runTest[3]" classname="flightapp.FlightServiceTest" time="35.151">
    <system-out><![CDATA[Running test file: /Users/baotruong/Documents/CSE344/HW6/project/project/cases/transaction/search/search_differentUsersSameQuery.test.txt
]]></system-out>
  </testcase>
  <testcase name="runTest[4]" classname="flightapp.FlightServiceTest" time="22.175">
    <system-out><![CDATA[Running test file: /Users/baotruong/Documents/CSE344/HW6/project/project/cases/transaction/book/book_withoutSearch.test.txt
]]></system-out>
    <system-err><![CDATA[com.microsoft.sqlserver.jdbc.SQLServerException: Violation of PRIMARY KEY constraint 'PK__Users_ba__F3DBC57393A17B38'. Cannot insert duplicate key in object 'dbo.Users_baot1410'. The duplicate key value is (user1).
	at com.microsoft.sqlserver.jdbc.SQLServerException.makeFromDatabaseError(SQLServerException.java:262)
	at com.microsoft.sqlserver.jdbc.SQLServerStatement.getNextResult(SQLServerStatement.java:1632)
	at com.microsoft.sqlserver.jdbc.SQLServerPreparedStatement.doExecutePreparedStatement(SQLServerPreparedStatement.java:602)
	at com.microsoft.sqlserver.jdbc.SQLServerPreparedStatement$PrepStmtExecCmd.doExecute(SQLServerPreparedStatement.java:524)
	at com.microsoft.sqlserver.jdbc.TDSCommand.execute(IOBuffer.java:7418)
	at com.microsoft.sqlserver.jdbc.SQLServerConnection.executeCommand(SQLServerConnection.java:3272)
	at com.microsoft.sqlserver.jdbc.SQLServerStatement.executeCommand(SQLServerStatement.java:247)
	at com.microsoft.sqlserver.jdbc.SQLServerStatement.executeStatement(SQLServerStatement.java:222)
	at com.microsoft.sqlserver.jdbc.SQLServerPreparedStatement.executeUpdate(SQLServerPreparedStatement.java:473)
	at flightapp.Query.transaction_createCustomer(Query.java:259)
	at flightapp.QueryAbstract.createCustomer(QueryAbstract.java:83)
	at flightapp.FlightService.execute(FlightService.java:39)
	at flightapp.FlightServiceTest$Session.call(FlightServiceTest.java:160)
	at flightapp.FlightServiceTest$Session.call(FlightServiceTest.java:1)
	at java.base/java.util.concurrent.FutureTask.run(FutureTask.java:317)
	at java.base/java.util.concurrent.ThreadPoolExecutor.runWorker(ThreadPoolExecutor.java:1144)
	at java.base/java.util.concurrent.ThreadPoolExecutor$Worker.run(ThreadPoolExecutor.java:642)
	at java.base/java.lang.Thread.run(Thread.java:1583)
]]></system-err>
  </testcase>
  <testcase name="runTest[5]" classname="flightapp.FlightServiceTest" time="40.993">
    <system-out><![CDATA[Running test file: /Users/baotruong/Documents/CSE344/HW6/project/project/cases/transaction/book/book_2Users2Flights.test.txt
]]></system-out>
  </testcase>
  <testcase name="runTest[6]" classname="flightapp.FlightServiceTest" time="10.882">
    <system-out><![CDATA[Running test file: /Users/baotruong/Documents/CSE344/HW6/project/project/cases/transaction/book/book_2Users1FlightHasCapacity.test.txt
]]></system-out>
  </testcase>
  <testcase name="runTest[7]" classname="flightapp.FlightServiceTest" time="16.545">
    <system-out><![CDATA[Running test file: /Users/baotruong/Documents/CSE344/HW6/project/project/cases/transaction/book/book_2Users1FlightNoCapacity.test.txt
]]></system-out>
  </testcase>
  <testcase name="runTest[8]" classname="flightapp.FlightServiceTest" time="37.114">
    <system-out><![CDATA[Running test file: /Users/baotruong/Documents/CSE344/HW6/project/project/cases/transaction/book/book_1User1FlightTwice.test.txt
]]></system-out>
    <system-err><![CDATA[com.microsoft.sqlserver.jdbc.SQLServerException: Violation of PRIMARY KEY constraint 'PK__Users_ba__F3DBC57393A17B38'. Cannot insert duplicate key in object 'dbo.Users_baot1410'. The duplicate key value is (user1).
	at com.microsoft.sqlserver.jdbc.SQLServerException.makeFromDatabaseError(SQLServerException.java:262)
	at com.microsoft.sqlserver.jdbc.SQLServerStatement.getNextResult(SQLServerStatement.java:1632)
	at com.microsoft.sqlserver.jdbc.SQLServerPreparedStatement.doExecutePreparedStatement(SQLServerPreparedStatement.java:602)
	at com.microsoft.sqlserver.jdbc.SQLServerPreparedStatement$PrepStmtExecCmd.doExecute(SQLServerPreparedStatement.java:524)
	at com.microsoft.sqlserver.jdbc.TDSCommand.execute(IOBuffer.java:7418)
	at com.microsoft.sqlserver.jdbc.SQLServerConnection.executeCommand(SQLServerConnection.java:3272)
	at com.microsoft.sqlserver.jdbc.SQLServerStatement.executeCommand(SQLServerStatement.java:247)
	at com.microsoft.sqlserver.jdbc.SQLServerStatement.executeStatement(SQLServerStatement.java:222)
	at com.microsoft.sqlserver.jdbc.SQLServerPreparedStatement.executeUpdate(SQLServerPreparedStatement.java:473)
	at flightapp.Query.transaction_createCustomer(Query.java:259)
	at flightapp.QueryAbstract.createCustomer(QueryAbstract.java:83)
	at flightapp.FlightService.execute(FlightService.java:39)
	at flightapp.FlightServiceTest$Session.call(FlightServiceTest.java:160)
	at flightapp.FlightServiceTest$Session.call(FlightServiceTest.java:1)
	at java.base/java.util.concurrent.FutureTask.run(FutureTask.java:317)
	at java.base/java.util.concurrent.ThreadPoolExecutor.runWorker(ThreadPoolExecutor.java:1144)
	at java.base/java.util.concurrent.ThreadPoolExecutor$Worker.run(ThreadPoolExecutor.java:642)
	at java.base/java.lang.Thread.run(Thread.java:1583)
]]></system-err>
  </testcase>
  <testcase name="runTest[9]" classname="flightapp.FlightServiceTest" time="1.333">
    <system-out><![CDATA[Running test file: /Users/baotruong/Documents/CSE344/HW6/project/project/cases/transaction/create/create_2UsersSameName.test.txt
]]></system-out>
    <system-err><![CDATA[com.microsoft.sqlserver.jdbc.SQLServerException: Violation of PRIMARY KEY constraint 'PK__Users_ba__F3DBC57393A17B38'. Cannot insert duplicate key in object 'dbo.Users_baot1410'. The duplicate key value is (user).
	at com.microsoft.sqlserver.jdbc.SQLServerException.makeFromDatabaseError(SQLServerException.java:262)
	at com.microsoft.sqlserver.jdbc.SQLServerStatement.getNextResult(SQLServerStatement.java:1632)
	at com.microsoft.sqlserver.jdbc.SQLServerPreparedStatement.doExecutePreparedStatement(SQLServerPreparedStatement.java:602)
	at com.microsoft.sqlserver.jdbc.SQLServerPreparedStatement$PrepStmtExecCmd.doExecute(SQLServerPreparedStatement.java:524)
	at com.microsoft.sqlserver.jdbc.TDSCommand.execute(IOBuffer.java:7418)
	at com.microsoft.sqlserver.jdbc.SQLServerConnection.executeCommand(SQLServerConnection.java:3272)
	at com.microsoft.sqlserver.jdbc.SQLServerStatement.executeCommand(SQLServerStatement.java:247)
	at com.microsoft.sqlserver.jdbc.SQLServerStatement.executeStatement(SQLServerStatement.java:222)
	at com.microsoft.sqlserver.jdbc.SQLServerPreparedStatement.executeUpdate(SQLServerPreparedStatement.java:473)
	at flightapp.Query.transaction_createCustomer(Query.java:259)
	at flightapp.QueryAbstract.createCustomer(QueryAbstract.java:83)
	at flightapp.FlightService.execute(FlightService.java:39)
	at flightapp.FlightServiceTest$Session.call(FlightServiceTest.java:160)
	at flightapp.FlightServiceTest$Session.call(FlightServiceTest.java:1)
	at java.base/java.util.concurrent.FutureTask.run(FutureTask.java:317)
	at java.base/java.util.concurrent.ThreadPoolExecutor.runWorker(ThreadPoolExecutor.java:1144)
	at java.base/java.util.concurrent.ThreadPoolExecutor$Worker.run(ThreadPoolExecutor.java:642)
	at java.base/java.lang.Thread.run(Thread.java:1583)
]]></system-err>
  </testcase>
  <testcase name="runTest[10]" classname="flightapp.FlightServiceTest" time="1.195">
    <system-out><![CDATA[Running test file: /Users/baotruong/Documents/CSE344/HW6/project/project/cases/transaction/create/create_2UsersDifferentName.test.txt
]]></system-out>
  </testcase>
  <testcase name="runTest[11]" classname="flightapp.FlightServiceTest" time="1.401">
    <system-out><![CDATA[Running test file: /Users/baotruong/Documents/CSE344/HW6/project/project/cases/transaction/login/login_differentUsers.test.txt
]]></system-out>
  </testcase>
  <testcase name="runTest[12]" classname="flightapp.FlightServiceTest" time="1.415">
    <system-out><![CDATA[Running test file: /Users/baotruong/Documents/CSE344/HW6/project/project/cases/transaction/login/login_sameUsers.test.txt
]]></system-out>
    <system-err><![CDATA[com.microsoft.sqlserver.jdbc.SQLServerException: Violation of PRIMARY KEY constraint 'PK__Users_ba__F3DBC57393A17B38'. Cannot insert duplicate key in object 'dbo.Users_baot1410'. The duplicate key value is (user).
	at com.microsoft.sqlserver.jdbc.SQLServerException.makeFromDatabaseError(SQLServerException.java:262)
	at com.microsoft.sqlserver.jdbc.SQLServerStatement.getNextResult(SQLServerStatement.java:1632)
	at com.microsoft.sqlserver.jdbc.SQLServerPreparedStatement.doExecutePreparedStatement(SQLServerPreparedStatement.java:602)
	at com.microsoft.sqlserver.jdbc.SQLServerPreparedStatement$PrepStmtExecCmd.doExecute(SQLServerPreparedStatement.java:524)
	at com.microsoft.sqlserver.jdbc.TDSCommand.execute(IOBuffer.java:7418)
	at com.microsoft.sqlserver.jdbc.SQLServerConnection.executeCommand(SQLServerConnection.java:3272)
	at com.microsoft.sqlserver.jdbc.SQLServerStatement.executeCommand(SQLServerStatement.java:247)
	at com.microsoft.sqlserver.jdbc.SQLServerStatement.executeStatement(SQLServerStatement.java:222)
	at com.microsoft.sqlserver.jdbc.SQLServerPreparedStatement.executeUpdate(SQLServerPreparedStatement.java:473)
	at flightapp.Query.transaction_createCustomer(Query.java:259)
	at flightapp.QueryAbstract.createCustomer(QueryAbstract.java:83)
	at flightapp.FlightService.execute(FlightService.java:39)
	at flightapp.FlightServiceTest$Session.call(FlightServiceTest.java:160)
	at flightapp.FlightServiceTest$Session.call(FlightServiceTest.java:1)
	at java.base/java.util.concurrent.FutureTask.run(FutureTask.java:317)
	at java.base/java.util.concurrent.ThreadPoolExecutor.runWorker(ThreadPoolExecutor.java:1144)
	at java.base/java.util.concurrent.ThreadPoolExecutor$Worker.run(ThreadPoolExecutor.java:642)
	at java.base/java.lang.Thread.run(Thread.java:1583)
]]></system-err>
  </testcase>
  <testcase name="runTest[13]" classname="flightapp.FlightServiceTest" time="1.433">
    <system-out><![CDATA[Running test file: /Users/baotruong/Documents/CSE344/HW6/project/project/cases/transaction/login/login_differentCaseSameUsername.test.txt
]]></system-out>
    <system-err><![CDATA[com.microsoft.sqlserver.jdbc.SQLServerException: Violation of PRIMARY KEY constraint 'PK__Users_ba__F3DBC57393A17B38'. Cannot insert duplicate key in object 'dbo.Users_baot1410'. The duplicate key value is (USER1).
	at com.microsoft.sqlserver.jdbc.SQLServerException.makeFromDatabaseError(SQLServerException.java:262)
	at com.microsoft.sqlserver.jdbc.SQLServerStatement.getNextResult(SQLServerStatement.java:1632)
	at com.microsoft.sqlserver.jdbc.SQLServerPreparedStatement.doExecutePreparedStatement(SQLServerPreparedStatement.java:602)
	at com.microsoft.sqlserver.jdbc.SQLServerPreparedStatement$PrepStmtExecCmd.doExecute(SQLServerPreparedStatement.java:524)
	at com.microsoft.sqlserver.jdbc.TDSCommand.execute(IOBuffer.java:7418)
	at com.microsoft.sqlserver.jdbc.SQLServerConnection.executeCommand(SQLServerConnection.java:3272)
	at com.microsoft.sqlserver.jdbc.SQLServerStatement.executeCommand(SQLServerStatement.java:247)
	at com.microsoft.sqlserver.jdbc.SQLServerStatement.executeStatement(SQLServerStatement.java:222)
	at com.microsoft.sqlserver.jdbc.SQLServerPreparedStatement.executeUpdate(SQLServerPreparedStatement.java:473)
	at flightapp.Query.transaction_createCustomer(Query.java:259)
	at flightapp.QueryAbstract.createCustomer(QueryAbstract.java:83)
	at flightapp.FlightService.execute(FlightService.java:39)
	at flightapp.FlightServiceTest$Session.call(FlightServiceTest.java:160)
	at flightapp.FlightServiceTest$Session.call(FlightServiceTest.java:1)
	at java.base/java.util.concurrent.FutureTask.run(FutureTask.java:317)
	at java.base/java.util.concurrent.ThreadPoolExecutor.runWorker(ThreadPoolExecutor.java:1144)
	at java.base/java.util.concurrent.ThreadPoolExecutor$Worker.run(ThreadPoolExecutor.java:642)
	at java.base/java.lang.Thread.run(Thread.java:1583)
]]></system-err>
  </testcase>
  <testcase name="runTest[14]" classname="flightapp.FlightServiceTest" time="1.493">
    <system-out><![CDATA[Running test file: /Users/baotruong/Documents/CSE344/HW6/project/project/cases/transaction/login/login_createUserInOtherSession.test.txt
]]></system-out>
    <system-err><![CDATA[com.microsoft.sqlserver.jdbc.SQLServerException: Violation of PRIMARY KEY constraint 'PK__Users_ba__F3DBC57393A17B38'. Cannot insert duplicate key in object 'dbo.Users_baot1410'. The duplicate key value is (user1).
	at com.microsoft.sqlserver.jdbc.SQLServerException.makeFromDatabaseError(SQLServerException.java:262)
	at com.microsoft.sqlserver.jdbc.SQLServerStatement.getNextResult(SQLServerStatement.java:1632)
	at com.microsoft.sqlserver.jdbc.SQLServerPreparedStatement.doExecutePreparedStatement(SQLServerPreparedStatement.java:602)
	at com.microsoft.sqlserver.jdbc.SQLServerPreparedStatement$PrepStmtExecCmd.doExecute(SQLServerPreparedStatement.java:524)
	at com.microsoft.sqlserver.jdbc.TDSCommand.execute(IOBuffer.java:7418)
	at com.microsoft.sqlserver.jdbc.SQLServerConnection.executeCommand(SQLServerConnection.java:3272)
	at com.microsoft.sqlserver.jdbc.SQLServerStatement.executeCommand(SQLServerStatement.java:247)
	at com.microsoft.sqlserver.jdbc.SQLServerStatement.executeStatement(SQLServerStatement.java:222)
	at com.microsoft.sqlserver.jdbc.SQLServerPreparedStatement.executeUpdate(SQLServerPreparedStatement.java:473)
	at flightapp.Query.transaction_createCustomer(Query.java:259)
	at flightapp.QueryAbstract.createCustomer(QueryAbstract.java:83)
	at flightapp.FlightService.execute(FlightService.java:39)
	at flightapp.FlightServiceTest$Session.call(FlightServiceTest.java:160)
	at flightapp.FlightServiceTest$Session.call(FlightServiceTest.java:1)
	at java.base/java.util.concurrent.FutureTask.run(FutureTask.java:317)
	at java.base/java.util.concurrent.ThreadPoolExecutor.runWorker(ThreadPoolExecutor.java:1144)
	at java.base/java.util.concurrent.ThreadPoolExecutor$Worker.run(ThreadPoolExecutor.java:642)
	at java.base/java.lang.Thread.run(Thread.java:1583)
]]></system-err>
  </testcase>
</testsuite>